<?xml version="1.0" encoding="UTF-8"?>
<!-- Generated by org.testng.reporters.JUnitXMLReporter -->
<testsuite ignored="0" hostname="DESKTOP-3RJ9V1R" failures="0" tests="3" name="Default test" time="5.812" errors="0" timestamp="2024-11-15T00:31:02 IST">
  <testcase classname="apiautomation.DynamicJson" name="addBook" time="5.181"/>
  <testcase classname="apiautomation.DynamicJson" name="addBook" time="0.221"/>
  <testcase classname="apiautomation.DynamicJson" name="addBook" time="0.223"/>
</testsuite> <!-- Default test -->
