<?xml version="1.0" encoding="UTF-8"?>
<testng-results ignored="0" total="3" passed="3" failed="0" skipped="0">
  <reporter-output>
  </reporter-output>
  <suite started-at="2024-11-15T00:30:56 IST" name="Default suite" finished-at="2024-11-15T00:31:02 IST" duration-ms="5812">
    <groups>
    </groups>
    <test started-at="2024-11-15T00:30:56 IST" name="Default test" finished-at="2024-11-15T00:31:02 IST" duration-ms="5812">
      <class name="apiautomation.DynamicJson">
        <test-method signature="addBook(java.lang.String,java.lang.String)[pri:0, instance:apiautomation.DynamicJson@3590fc5b]" started-at="2024-11-15T00:30:56 IST" name="addBook" data-provider="Booksdata" finished-at="2024-11-15T00:31:01 IST" duration-ms="5181" status="PASS">
          <params>
            <param index="0">
              <value>
                <![CDATA[ojfeyyewty]]>
              </value>
            </param>
            <param index="1">
              <value>
                <![CDATA[9356663]]>
              </value>
            </param>
          </params>
          <reporter-output>
          </reporter-output>
        </test-method> <!-- addBook -->
        <test-method signature="addBook(java.lang.String,java.lang.String)[pri:0, instance:apiautomation.DynamicJson@3590fc5b]" started-at="2024-11-15T00:31:02 IST" name="addBook" data-provider="Booksdata" finished-at="2024-11-15T00:31:02 IST" duration-ms="221" status="PASS">
          <params>
            <param index="0">
              <value>
                <![CDATA[cweeehhtee]]>
              </value>
            </param>
            <param index="1">
              <value>
                <![CDATA[462543]]>
              </value>
            </param>
          </params>
          <reporter-output>
          </reporter-output>
        </test-method> <!-- addBook -->
        <test-method signature="addBook(java.lang.String,java.lang.String)[pri:0, instance:apiautomation.DynamicJson@3590fc5b]" started-at="2024-11-15T00:31:02 IST" name="addBook" data-provider="Booksdata" finished-at="2024-11-15T00:31:02 IST" duration-ms="223" status="PASS">
          <params>
            <param index="0">
              <value>
                <![CDATA[okmhhfet]]>
              </value>
            </param>
            <param index="1">
              <value>
                <![CDATA[536363 ]]>
              </value>
            </param>
          </params>
          <reporter-output>
          </reporter-output>
        </test-method> <!-- addBook -->
      </class> <!-- apiautomation.DynamicJson -->
    </test> <!-- Default test -->
  </suite> <!-- Default suite -->
</testng-results>
